[handleMsg]:  Message {
  _data: {
    id: {
      fromMe: false,
      remote: '34627582130@c.us',
      id: 'EB3217BB91B21BDE3358AD0656011E35',
      _serialized: 'false_34627582130@c.us_EB3217BB91B21BDE3358AD0656011E35'
    },
    viewed: false,
    body: 'Una pizza margarita grande',
    type: 'chat',
    t: 1704215939,
    notifyName: 'Jordi Bosch Maso',
    from: '34627582130@c.us',
    to: '34648703171@c.us',
    self: 'in',
    ack: 1,
    invis: false,
    isNewMsg: true,
    star: false,
    kicNotified: false,
    recvFresh: true,
    isFromTemplate: false,
    pollInvalidated: false,
    isSentCagPollCreation: false,
    latestEditMsgKey: null,
    latestEditSenderTimestampMs: null,
    mentionedJidList: [],
    groupMentions: [],
    isVcardOverMmsDocument: false,
    isForwarded: false,
    hasReaction: false,
    productHeaderImageRejected: false,
    lastPlaybackProgress: 0,
    isDynamicReplyButtonsMsg: false,
    isCarouselCard: false,
    parentMsgId: null,
    isMdHistoryMsg: false,
    stickerSentTs: 0,
    isAvatar: false,
    lastUpdateFromServerTs: 0,
    invokedBotWid: null,
    bizBotType: null,
    botResponseTargetId: null,
    botPluginType: null,
    botPluginReferenceIndex: null,
    botPluginSearchProvider: null,
    botPluginSearchUrl: null,
    botPluginMaybeParent: false,
    botReelPluginThumbnailCdnUrl: null,
    botMsgBodyType: null,
    requiresDirectConnection: null,
    links: []
  },
  mediaKey: undefined,
  id: {
    fromMe: false,
    remote: '34627582130@c.us',
    id: 'EB3217BB91B21BDE3358AD0656011E35',
    _serialized: 'false_34627582130@c.us_EB3217BB91B21BDE3358AD0656011E35'
  },
  ack: 1,
  hasMedia: false,
  body: 'Una pizza margarita grande',
  type: 'chat',
  timestamp: 1704215939,
  from: '34627582130',
  to: '34648703171@c.us',
  author: undefined,
  deviceType: 'android',
  isForwarded: false,
  forwardingScore: 0,
  isStatus: false,
  isStarred: false,
  broadcast: undefined,
  fromMe: false,
  hasQuotedMsg: false,
  hasReaction: false,
  duration: undefined,
  location: undefined,
  vCards: [],
  inviteV4: undefined,
  mentionedIds: [],
  orderId: undefined,
  token: undefined,
  isGif: false,
  isEphemeral: undefined,
  links: []
}
[QUEUE_SE_ENVIO]:  {
  ref: 'ans_e6481a3b-269f-477d-b063-6b3c66de465e',
  keyword: 'key_f4543d3b-57cf-4363-8784-a1dac7d3e092',
  answer: '__capture_only_intended__',
  options: {
    media: null,
    buttons: [],
    capture: false,
    child: null,
    delay: 0,
    idle: null,
    ref: null,
    nested: [],
    keyword: {},
    callback: true
  },
  refSerialize: '29c05b37a48c76ba40c4710f1d2468e6'
}
[handleMsg]:  Message {
  _data: {
    id: {
      fromMe: false,
      remote: '34627582130@c.us',
      id: 'E8359CA9FFC8DACE5FC15B9DA4C12F66',
      _serialized: 'false_34627582130@c.us_E8359CA9FFC8DACE5FC15B9DA4C12F66'
    },
    viewed: false,
    body: 'Avinguda Francesc Macià 30',
    type: 'chat',
    t: 1704215964,
    notifyName: 'Jordi Bosch Maso',
    from: '34627582130@c.us',
    to: '34648703171@c.us',
    self: 'in',
    ack: 1,
    invis: false,
    isNewMsg: true,
    star: false,
    kicNotified: false,
    recvFresh: true,
    isFromTemplate: false,
    pollInvalidated: false,
    isSentCagPollCreation: false,
    latestEditMsgKey: null,
    latestEditSenderTimestampMs: null,
    mentionedJidList: [],
    groupMentions: [],
    isVcardOverMmsDocument: false,
    isForwarded: false,
    hasReaction: false,
    productHeaderImageRejected: false,
    lastPlaybackProgress: 0,
    isDynamicReplyButtonsMsg: false,
    isCarouselCard: false,
    parentMsgId: null,
    isMdHistoryMsg: false,
    stickerSentTs: 0,
    isAvatar: false,
    lastUpdateFromServerTs: 0,
    invokedBotWid: null,
    bizBotType: null,
    botResponseTargetId: null,
    botPluginType: null,
    botPluginReferenceIndex: null,
    botPluginSearchProvider: null,
    botPluginSearchUrl: null,
    botPluginMaybeParent: false,
    botReelPluginThumbnailCdnUrl: null,
    botMsgBodyType: null,
    requiresDirectConnection: null,
    links: []
  },
  mediaKey: undefined,
  id: {
    fromMe: false,
    remote: '34627582130@c.us',
    id: 'E8359CA9FFC8DACE5FC15B9DA4C12F66',
    _serialized: 'false_34627582130@c.us_E8359CA9FFC8DACE5FC15B9DA4C12F66'
  },
  ack: 1,
  hasMedia: false,
  body: 'Avinguda Francesc Macià 30',
  type: 'chat',
  timestamp: 1704215964,
  from: '34627582130',
  to: '34648703171@c.us',
  author: undefined,
  deviceType: 'android',
  isForwarded: false,
  forwardingScore: 0,
  isStatus: false,
  isStarred: false,
  broadcast: undefined,
  fromMe: false,
  hasQuotedMsg: false,
  hasReaction: false,
  duration: undefined,
  location: undefined,
  vCards: [],
  inviteV4: undefined,
  mentionedIds: [],
  orderId: undefined,
  token: undefined,
  isGif: false,
  isEphemeral: undefined,
  links: []
}
[QUEUE_SE_ENVIO]:  {
  ref: 'ans_e6481a3b-269f-477d-b063-6b3c66de465e',
  keyword: 'key_f4543d3b-57cf-4363-8784-a1dac7d3e092',
  answer: '__capture_only_intended__',
  options: {
    media: null,
    buttons: [],
    capture: false,
    child: null,
    delay: 0,
    idle: null,
    ref: null,
    nested: [],
    keyword: {},
    callback: true
  },
  refSerialize: '29c05b37a48c76ba40c4710f1d2468e6'
}
[handleMsg]:  Message {
  _data: {
    id: {
      fromMe: false,
      remote: '34627582130@c.us',
      id: '51A2815B06016B831F02E5B0C3609E56',
      _serialized: 'false_34627582130@c.us_51A2815B06016B831F02E5B0C3609E56'
    },
    viewed: false,
    body: '08320',
    type: 'chat',
    t: 1704215976,
    notifyName: 'Jordi Bosch Maso',
    from: '34627582130@c.us',
    to: '34648703171@c.us',
    self: 'in',
    ack: 1,
    invis: false,
    isNewMsg: true,
    star: false,
    kicNotified: false,
    recvFresh: true,
    isFromTemplate: false,
    pollInvalidated: false,
    isSentCagPollCreation: false,
    latestEditMsgKey: null,
    latestEditSenderTimestampMs: null,
    mentionedJidList: [],
    groupMentions: [],
    isVcardOverMmsDocument: false,
    isForwarded: false,
    hasReaction: false,
    productHeaderImageRejected: false,
    lastPlaybackProgress: 0,
    isDynamicReplyButtonsMsg: false,
    isCarouselCard: false,
    parentMsgId: null,
    isMdHistoryMsg: false,
    stickerSentTs: 0,
    isAvatar: false,
    lastUpdateFromServerTs: 0,
    invokedBotWid: null,
    bizBotType: null,
    botResponseTargetId: null,
    botPluginType: null,
    botPluginReferenceIndex: null,
    botPluginSearchProvider: null,
    botPluginSearchUrl: null,
    botPluginMaybeParent: false,
    botReelPluginThumbnailCdnUrl: null,
    botMsgBodyType: null,
    requiresDirectConnection: null,
    links: []
  },
  mediaKey: undefined,
  id: {
    fromMe: false,
    remote: '34627582130@c.us',
    id: '51A2815B06016B831F02E5B0C3609E56',
    _serialized: 'false_34627582130@c.us_51A2815B06016B831F02E5B0C3609E56'
  },
  ack: 1,
  hasMedia: false,
  body: '08320',
  type: 'chat',
  timestamp: 1704215976,
  from: '34627582130',
  to: '34648703171@c.us',
  author: undefined,
  deviceType: 'android',
  isForwarded: false,
  forwardingScore: 0,
  isStatus: false,
  isStarred: false,
  broadcast: undefined,
  fromMe: false,
  hasQuotedMsg: false,
  hasReaction: false,
  duration: undefined,
  location: undefined,
  vCards: [],
  inviteV4: undefined,
  mentionedIds: [],
  orderId: undefined,
  token: undefined,
  isGif: false,
  isEphemeral: undefined,
  links: []
}
[QUEUE_SE_ENVIO]:  {
  ref: 'ans_e6481a3b-269f-477d-b063-6b3c66de465e',
  keyword: 'key_f4543d3b-57cf-4363-8784-a1dac7d3e092',
  answer: '__capture_only_intended__',
  options: {
    media: null,
    buttons: [],
    capture: false,
    child: null,
    delay: 0,
    idle: null,
    ref: null,
    nested: [],
    keyword: {},
    callback: true
  },
  refSerialize: '29c05b37a48c76ba40c4710f1d2468e6'
}
[handleMsg]:  Message {
  _data: {
    id: {
      fromMe: false,
      remote: '34627582130@c.us',
      id: '8F76C2F3234DF6046D8635797A95459D',
      _serialized: 'false_34627582130@c.us_8F76C2F3234DF6046D8635797A95459D'
    },
    viewed: false,
    body: 'Una pizza margarita grande',
    type: 'chat',
    t: 1704215997,
    notifyName: 'Jordi Bosch Maso',
    from: '34627582130@c.us',
    to: '34648703171@c.us',
    self: 'in',
    ack: 1,
    invis: false,
    isNewMsg: true,
    star: false,
    kicNotified: false,
    recvFresh: true,
    isFromTemplate: false,
    pollInvalidated: false,
    isSentCagPollCreation: false,
    latestEditMsgKey: null,
    latestEditSenderTimestampMs: null,
    mentionedJidList: [],
    groupMentions: [],
    isVcardOverMmsDocument: false,
    isForwarded: false,
    hasReaction: false,
    productHeaderImageRejected: false,
    lastPlaybackProgress: 0,
    isDynamicReplyButtonsMsg: false,
    isCarouselCard: false,
    parentMsgId: null,
    isMdHistoryMsg: false,
    stickerSentTs: 0,
    isAvatar: false,
    lastUpdateFromServerTs: 0,
    invokedBotWid: null,
    bizBotType: null,
    botResponseTargetId: null,
    botPluginType: null,
    botPluginReferenceIndex: null,
    botPluginSearchProvider: null,
    botPluginSearchUrl: null,
    botPluginMaybeParent: false,
    botReelPluginThumbnailCdnUrl: null,
    botMsgBodyType: null,
    requiresDirectConnection: null,
    links: []
  },
  mediaKey: undefined,
  id: {
    fromMe: false,
    remote: '34627582130@c.us',
    id: '8F76C2F3234DF6046D8635797A95459D',
    _serialized: 'false_34627582130@c.us_8F76C2F3234DF6046D8635797A95459D'
  },
  ack: 1,
  hasMedia: false,
  body: 'Una pizza margarita grande',
  type: 'chat',
  timestamp: 1704215997,
  from: '34627582130',
  to: '34648703171@c.us',
  author: undefined,
  deviceType: 'android',
  isForwarded: false,
  forwardingScore: 0,
  isStatus: false,
  isStarred: false,
  broadcast: undefined,
  fromMe: false,
  hasQuotedMsg: false,
  hasReaction: false,
  duration: undefined,
  location: undefined,
  vCards: [],
  inviteV4: undefined,
  mentionedIds: [],
  orderId: undefined,
  token: undefined,
  isGif: false,
  isEphemeral: undefined,
  links: []
}
[QUEUE_SE_ENVIO]:  {
  ref: 'ans_e6481a3b-269f-477d-b063-6b3c66de465e',
  keyword: 'key_f4543d3b-57cf-4363-8784-a1dac7d3e092',
  answer: '__capture_only_intended__',
  options: {
    media: null,
    buttons: [],
    capture: false,
    child: null,
    delay: 0,
    idle: null,
    ref: null,
    nested: [],
    keyword: {},
    callback: true
  },
  refSerialize: '29c05b37a48c76ba40c4710f1d2468e6'
}
[handleMsg]:  Message {
  _data: {
    id: {
      fromMe: false,
      remote: '34627582130@c.us',
      id: 'A49D6FC8381414A421AAFDDAABC8C1F8',
      _serialized: 'false_34627582130@c.us_A49D6FC8381414A421AAFDDAABC8C1F8'
    },
    viewed: false,
    body: 'No',
    type: 'chat',
    t: 1704216005,
    notifyName: 'Jordi Bosch Maso',
    from: '34627582130@c.us',
    to: '34648703171@c.us',
    self: 'in',
    ack: 1,
    invis: false,
    isNewMsg: true,
    star: false,
    kicNotified: false,
    recvFresh: true,
    isFromTemplate: false,
    pollInvalidated: false,
    isSentCagPollCreation: false,
    latestEditMsgKey: null,
    latestEditSenderTimestampMs: null,
    mentionedJidList: [],
    groupMentions: [],
    isVcardOverMmsDocument: false,
    isForwarded: false,
    hasReaction: false,
    productHeaderImageRejected: false,
    lastPlaybackProgress: 0,
    isDynamicReplyButtonsMsg: false,
    isCarouselCard: false,
    parentMsgId: null,
    isMdHistoryMsg: false,
    stickerSentTs: 0,
    isAvatar: false,
    lastUpdateFromServerTs: 0,
    invokedBotWid: null,
    bizBotType: null,
    botResponseTargetId: null,
    botPluginType: null,
    botPluginReferenceIndex: null,
    botPluginSearchProvider: null,
    botPluginSearchUrl: null,
    botPluginMaybeParent: false,
    botReelPluginThumbnailCdnUrl: null,
    botMsgBodyType: null,
    requiresDirectConnection: null,
    links: []
  },
  mediaKey: undefined,
  id: {
    fromMe: false,
    remote: '34627582130@c.us',
    id: 'A49D6FC8381414A421AAFDDAABC8C1F8',
    _serialized: 'false_34627582130@c.us_A49D6FC8381414A421AAFDDAABC8C1F8'
  },
  ack: 1,
  hasMedia: false,
  body: 'No',
  type: 'chat',
  timestamp: 1704216005,
  from: '34627582130',
  to: '34648703171@c.us',
  author: undefined,
  deviceType: 'android',
  isForwarded: false,
  forwardingScore: 0,
  isStatus: false,
  isStarred: false,
  broadcast: undefined,
  fromMe: false,
  hasQuotedMsg: false,
  hasReaction: false,
  duration: undefined,
  location: undefined,
  vCards: [],
  inviteV4: undefined,
  mentionedIds: [],
  orderId: undefined,
  token: undefined,
  isGif: false,
  isEphemeral: undefined,
  links: []
}
[QUEUE_SE_ENVIO]:  {
  ref: 'ans_e6481a3b-269f-477d-b063-6b3c66de465e',
  keyword: 'key_f4543d3b-57cf-4363-8784-a1dac7d3e092',
  answer: '__capture_only_intended__',
  options: {
    media: null,
    buttons: [],
    capture: false,
    child: null,
    delay: 0,
    idle: null,
    ref: null,
    nested: [],
    keyword: {},
    callback: true
  },
  refSerialize: '29c05b37a48c76ba40c4710f1d2468e6'
}
